Analysis & Synthesis report for Lab3
Tue Mar 09 12:35:28 2021
Quartus Prime Version 20.1.1 Build 720 11/11/2020 SJ Lite Edition


---------------------
; Table of Contents ;
---------------------
  1. Legal Notice
  2. Analysis & Synthesis Summary
  3. Analysis & Synthesis Settings
  4. Parallel Compilation
  5. Analysis & Synthesis Source Files Read
  6. Analysis & Synthesis Resource Usage Summary
  7. Analysis & Synthesis Resource Utilization by Entity
  8. General Register Statistics
  9. Multiplexer Restructuring Statistics (Restructuring Performed)
 10. Post-Synthesis Netlist Statistics for Top Partition
 11. Elapsed Time Per Partition
 12. Analysis & Synthesis Messages



----------------
; Legal Notice ;
----------------
Copyright (C) 2020  Intel Corporation. All rights reserved.
Your use of Intel Corporation's design tools, logic functions 
and other software and tools, and any partner logic 
functions, and any output files from any of the foregoing 
(including device programming or simulation files), and any 
associated documentation or information are expressly subject 
to the terms and conditions of the Intel Program License 
Subscription Agreement, the Intel Quartus Prime License Agreement,
the Intel FPGA IP License Agreement, or other applicable license
agreement, including, without limitation, that your use is for
the sole purpose of programming logic devices manufactured by
Intel and sold by Intel or its authorized distributors.  Please
refer to the applicable agreement for further details, at
https://fpgasoftware.intel.com/eula.



+-------------------------------------------------------------------------------+
; Analysis & Synthesis Summary                                                  ;
+---------------------------------+---------------------------------------------+
; Analysis & Synthesis Status     ; Successful - Tue Mar 09 12:35:28 2021       ;
; Quartus Prime Version           ; 20.1.1 Build 720 11/11/2020 SJ Lite Edition ;
; Revision Name                   ; Lab3                                        ;
; Top-level Entity Name           ; Lab3                                        ;
; Family                          ; Cyclone V                                   ;
; Logic utilization (in ALMs)     ; N/A                                         ;
; Total registers                 ; 54                                          ;
; Total pins                      ; 56                                          ;
; Total virtual pins              ; 0                                           ;
; Total block memory bits         ; 0                                           ;
; Total DSP Blocks                ; 0                                           ;
; Total HSSI RX PCSs              ; 0                                           ;
; Total HSSI PMA RX Deserializers ; 0                                           ;
; Total HSSI TX PCSs              ; 0                                           ;
; Total HSSI PMA TX Serializers   ; 0                                           ;
; Total PLLs                      ; 0                                           ;
; Total DLLs                      ; 0                                           ;
+---------------------------------+---------------------------------------------+


+---------------------------------------------------------------------------------------------------------------------------+
; Analysis & Synthesis Settings                                                                                             ;
+---------------------------------------------------------------------------------+--------------------+--------------------+
; Option                                                                          ; Setting            ; Default Value      ;
+---------------------------------------------------------------------------------+--------------------+--------------------+
; Device                                                                          ; 5CEBA4F23C7        ;                    ;
; Top-level entity name                                                           ; Lab3               ; Lab3               ;
; Family name                                                                     ; Cyclone V          ; Cyclone V          ;
; Use smart compilation                                                           ; Off                ; Off                ;
; Enable parallel Assembler and Timing Analyzer during compilation                ; On                 ; On                 ;
; Enable compact report table                                                     ; Off                ; Off                ;
; Restructure Multiplexers                                                        ; Auto               ; Auto               ;
; MLAB Add Timing Constraints For Mixed-Port Feed-Through Mode Setting Don't Care ; Off                ; Off                ;
; Create Debugging Nodes for IP Cores                                             ; Off                ; Off                ;
; Preserve fewer node names                                                       ; On                 ; On                 ;
; Intel FPGA IP Evaluation Mode                                                   ; Enable             ; Enable             ;
; Verilog Version                                                                 ; Verilog_2001       ; Verilog_2001       ;
; VHDL Version                                                                    ; VHDL_1993          ; VHDL_1993          ;
; State Machine Processing                                                        ; Auto               ; Auto               ;
; Safe State Machine                                                              ; Off                ; Off                ;
; Extract Verilog State Machines                                                  ; On                 ; On                 ;
; Extract VHDL State Machines                                                     ; On                 ; On                 ;
; Ignore Verilog initial constructs                                               ; Off                ; Off                ;
; Iteration limit for constant Verilog loops                                      ; 5000               ; 5000               ;
; Iteration limit for non-constant Verilog loops                                  ; 250                ; 250                ;
; Add Pass-Through Logic to Inferred RAMs                                         ; On                 ; On                 ;
; Infer RAMs from Raw Logic                                                       ; On                 ; On                 ;
; Parallel Synthesis                                                              ; On                 ; On                 ;
; DSP Block Balancing                                                             ; Auto               ; Auto               ;
; NOT Gate Push-Back                                                              ; On                 ; On                 ;
; Power-Up Don't Care                                                             ; On                 ; On                 ;
; Remove Redundant Logic Cells                                                    ; Off                ; Off                ;
; Remove Duplicate Registers                                                      ; On                 ; On                 ;
; Ignore CARRY Buffers                                                            ; Off                ; Off                ;
; Ignore CASCADE Buffers                                                          ; Off                ; Off                ;
; Ignore GLOBAL Buffers                                                           ; Off                ; Off                ;
; Ignore ROW GLOBAL Buffers                                                       ; Off                ; Off                ;
; Ignore LCELL Buffers                                                            ; Off                ; Off                ;
; Ignore SOFT Buffers                                                             ; On                 ; On                 ;
; Limit AHDL Integers to 32 Bits                                                  ; Off                ; Off                ;
; Optimization Technique                                                          ; Balanced           ; Balanced           ;
; Carry Chain Length                                                              ; 70                 ; 70                 ;
; Auto Carry Chains                                                               ; On                 ; On                 ;
; Auto Open-Drain Pins                                                            ; On                 ; On                 ;
; Perform WYSIWYG Primitive Resynthesis                                           ; Off                ; Off                ;
; Auto ROM Replacement                                                            ; On                 ; On                 ;
; Auto RAM Replacement                                                            ; On                 ; On                 ;
; Auto DSP Block Replacement                                                      ; On                 ; On                 ;
; Auto Shift Register Replacement                                                 ; Auto               ; Auto               ;
; Allow Shift Register Merging across Hierarchies                                 ; Auto               ; Auto               ;
; Auto Clock Enable Replacement                                                   ; On                 ; On                 ;
; Strict RAM Replacement                                                          ; Off                ; Off                ;
; Allow Synchronous Control Signals                                               ; On                 ; On                 ;
; Force Use of Synchronous Clear Signals                                          ; Off                ; Off                ;
; Auto Resource Sharing                                                           ; Off                ; Off                ;
; Allow Any RAM Size For Recognition                                              ; Off                ; Off                ;
; Allow Any ROM Size For Recognition                                              ; Off                ; Off                ;
; Allow Any Shift Register Size For Recognition                                   ; Off                ; Off                ;
; Use LogicLock Constraints during Resource Balancing                             ; On                 ; On                 ;
; Ignore translate_off and synthesis_off directives                               ; Off                ; Off                ;
; Timing-Driven Synthesis                                                         ; On                 ; On                 ;
; Report Parameter Settings                                                       ; On                 ; On                 ;
; Report Source Assignments                                                       ; On                 ; On                 ;
; Report Connectivity Checks                                                      ; On                 ; On                 ;
; Ignore Maximum Fan-Out Assignments                                              ; Off                ; Off                ;
; Synchronization Register Chain Length                                           ; 3                  ; 3                  ;
; Power Optimization During Synthesis                                             ; Normal compilation ; Normal compilation ;
; HDL message level                                                               ; Level2             ; Level2             ;
; Suppress Register Optimization Related Messages                                 ; Off                ; Off                ;
; Number of Removed Registers Reported in Synthesis Report                        ; 5000               ; 5000               ;
; Number of Swept Nodes Reported in Synthesis Report                              ; 5000               ; 5000               ;
; Number of Inverted Registers Reported in Synthesis Report                       ; 100                ; 100                ;
; Clock MUX Protection                                                            ; On                 ; On                 ;
; Auto Gated Clock Conversion                                                     ; Off                ; Off                ;
; Block Design Naming                                                             ; Auto               ; Auto               ;
; SDC constraint protection                                                       ; Off                ; Off                ;
; Synthesis Effort                                                                ; Auto               ; Auto               ;
; Shift Register Replacement - Allow Asynchronous Clear Signal                    ; On                 ; On                 ;
; Pre-Mapping Resynthesis Optimization                                            ; Off                ; Off                ;
; Analysis & Synthesis Message Level                                              ; Medium             ; Medium             ;
; Disable Register Merging Across Hierarchies                                     ; Auto               ; Auto               ;
; Resource Aware Inference For Block RAM                                          ; On                 ; On                 ;
; Automatic Parallel Synthesis                                                    ; On                 ; On                 ;
; Partial Reconfiguration Bitstream ID                                            ; Off                ; Off                ;
+---------------------------------------------------------------------------------+--------------------+--------------------+


+------------------------------------------+
; Parallel Compilation                     ;
+----------------------------+-------------+
; Processors                 ; Number      ;
+----------------------------+-------------+
; Number detected on machine ; 16          ;
; Maximum allowed            ; 16          ;
;                            ;             ;
; Average used               ; 1.00        ;
; Maximum used               ; 16          ;
;                            ;             ;
; Usage by Processor         ; % Time Used ;
;     Processor 1            ; 100.0%      ;
;     Processors 2-16        ;   0.0%      ;
+----------------------------+-------------+


+-----------------------------------------------------------------------------------------------------------------------------------------------------------------------+
; Analysis & Synthesis Source Files Read                                                                                                                                ;
+----------------------------------+-----------------+------------------------------------+-------------------------------------------------------------------+---------+
; File Name with User-Entered Path ; Used in Netlist ; File Type                          ; File Name with Absolute Path                                      ; Library ;
+----------------------------------+-----------------+------------------------------------+-------------------------------------------------------------------+---------+
; clock.vhd                        ; yes             ; User VHDL File                     ; C:/Users/andre/School/Spring 2021/CPEN312/Labs/Lab3/clock.vhd     ;         ;
; Lab3.bdf                         ; yes             ; User Block Diagram/Schematic File  ; C:/Users/andre/School/Spring 2021/CPEN312/Labs/Lab3/Lab3.bdf      ;         ;
; decoder.vhd                      ; yes             ; User VHDL File                     ; C:/Users/andre/School/Spring 2021/CPEN312/Labs/Lab3/decoder.vhd   ;         ;
; converter.vhd                    ; yes             ; Auto-Found VHDL File               ; C:/Users/andre/School/Spring 2021/CPEN312/Labs/Lab3/converter.vhd ;         ;
+----------------------------------+-----------------+------------------------------------+-------------------------------------------------------------------+---------+


+--------------------------------------------------------------+
; Analysis & Synthesis Resource Usage Summary                  ;
+---------------------------------------------+----------------+
; Resource                                    ; Usage          ;
+---------------------------------------------+----------------+
; Estimate of Logic utilization (ALMs needed) ; 108            ;
;                                             ;                ;
; Combinational ALUT usage for logic          ; 205            ;
;     -- 7 input functions                    ; 0              ;
;     -- 6 input functions                    ; 11             ;
;     -- 5 input functions                    ; 13             ;
;     -- 4 input functions                    ; 97             ;
;     -- <=3 input functions                  ; 84             ;
;                                             ;                ;
; Dedicated logic registers                   ; 54             ;
;                                             ;                ;
; I/O pins                                    ; 56             ;
;                                             ;                ;
; Total DSP Blocks                            ; 0              ;
;                                             ;                ;
; Maximum fan-out node                        ; CLOCK_50~input ;
; Maximum fan-out                             ; 30             ;
; Total fan-out                               ; 995            ;
; Average fan-out                             ; 2.68           ;
+---------------------------------------------+----------------+


+------------------------------------------------------------------------------------------------------------------------------------------------------------------------------------------+
; Analysis & Synthesis Resource Utilization by Entity                                                                                                                                      ;
+----------------------------+---------------------+---------------------------+-------------------+------------+------+--------------+-----------------------+-------------+--------------+
; Compilation Hierarchy Node ; Combinational ALUTs ; Dedicated Logic Registers ; Block Memory Bits ; DSP Blocks ; Pins ; Virtual Pins ; Full Hierarchy Name   ; Entity Name ; Library Name ;
+----------------------------+---------------------+---------------------------+-------------------+------------+------+--------------+-----------------------+-------------+--------------+
; |Lab3                      ; 205 (0)             ; 54 (0)                    ; 0                 ; 0          ; 56   ; 0            ; |Lab3                 ; Lab3        ; work         ;
;    |BCDto7Seg:inst2|       ; 7 (7)               ; 0 (0)                     ; 0                 ; 0          ; 0    ; 0            ; |Lab3|BCDto7Seg:inst2 ; BCDto7Seg   ; work         ;
;    |BCDto7Seg:inst3|       ; 7 (7)               ; 0 (0)                     ; 0                 ; 0          ; 0    ; 0            ; |Lab3|BCDto7Seg:inst3 ; BCDto7Seg   ; work         ;
;    |BCDto7Seg:inst4|       ; 7 (7)               ; 0 (0)                     ; 0                 ; 0          ; 0    ; 0            ; |Lab3|BCDto7Seg:inst4 ; BCDto7Seg   ; work         ;
;    |BCDto7Seg:inst5|       ; 7 (7)               ; 0 (0)                     ; 0                 ; 0          ; 0    ; 0            ; |Lab3|BCDto7Seg:inst5 ; BCDto7Seg   ; work         ;
;    |BCDto7Seg:inst6|       ; 7 (7)               ; 0 (0)                     ; 0                 ; 0          ; 0    ; 0            ; |Lab3|BCDto7Seg:inst6 ; BCDto7Seg   ; work         ;
;    |BCDto7Seg:inst7|       ; 7 (7)               ; 0 (0)                     ; 0                 ; 0          ; 0    ; 0            ; |Lab3|BCDto7Seg:inst7 ; BCDto7Seg   ; work         ;
;    |clock:inst|            ; 147 (147)           ; 54 (54)                   ; 0                 ; 0          ; 0    ; 0            ; |Lab3|clock:inst      ; clock       ; work         ;
;    |converter:inst8|       ; 16 (16)             ; 0 (0)                     ; 0                 ; 0          ; 0    ; 0            ; |Lab3|converter:inst8 ; converter   ; work         ;
+----------------------------+---------------------+---------------------------+-------------------+------------+------+--------------+-----------------------+-------------+--------------+
Note: For table entries with two numbers listed, the numbers in parentheses indicate the number of resources of the given type used by the specific entity alone. The numbers listed outside of parentheses indicate the total resources of the given type used by the specific entity and all of its sub-entities in the hierarchy.


+------------------------------------------------------+
; General Register Statistics                          ;
+----------------------------------------------+-------+
; Statistic                                    ; Value ;
+----------------------------------------------+-------+
; Total registers                              ; 54    ;
; Number of registers using Synchronous Clear  ; 29    ;
; Number of registers using Synchronous Load   ; 0     ;
; Number of registers using Asynchronous Clear ; 24    ;
; Number of registers using Asynchronous Load  ; 0     ;
; Number of registers using Clock Enable       ; 15    ;
; Number of registers using Preset             ; 0     ;
+----------------------------------------------+-------+


+------------------------------------------------------------------------------------------------------------------------------------------+
; Multiplexer Restructuring Statistics (Restructuring Performed)                                                                           ;
+--------------------+-----------+---------------+----------------------+------------------------+------------+----------------------------+
; Multiplexer Inputs ; Bus Width ; Baseline Area ; Area if Restructured ; Saving if Restructured ; Registered ; Example Multiplexer Output ;
+--------------------+-----------+---------------+----------------------+------------------------+------------+----------------------------+
; 3:1                ; 4 bits    ; 8 LEs         ; 4 LEs                ; 4 LEs                  ; Yes        ; |Lab3|clock:inst|Min[3]    ;
; 3:1                ; 4 bits    ; 8 LEs         ; 4 LEs                ; 4 LEs                  ; Yes        ; |Lab3|clock:inst|Hr[4]     ;
; 3:1                ; 4 bits    ; 8 LEs         ; 4 LEs                ; 4 LEs                  ; Yes        ; |Lab3|clock:inst|Sec[7]    ;
; 3:1                ; 4 bits    ; 8 LEs         ; 4 LEs                ; 4 LEs                  ; Yes        ; |Lab3|clock:inst|Min[5]    ;
; 4:1                ; 4 bits    ; 8 LEs         ; 8 LEs                ; 0 LEs                  ; Yes        ; |Lab3|clock:inst|Hr[0]     ;
+--------------------+-----------+---------------+----------------------+------------------------+------------+----------------------------+


+-----------------------------------------------------+
; Post-Synthesis Netlist Statistics for Top Partition ;
+-----------------------+-----------------------------+
; Type                  ; Count                       ;
+-----------------------+-----------------------------+
; arriav_ff             ; 54                          ;
;     CLR               ; 9                           ;
;     ENA CLR           ; 15                          ;
;     SCLR              ; 29                          ;
;     plain             ; 1                           ;
; arriav_lcell_comb     ; 211                         ;
;     arith             ; 29                          ;
;         1 data inputs ; 29                          ;
;     normal            ; 182                         ;
;         1 data inputs ; 6                           ;
;         2 data inputs ; 21                          ;
;         3 data inputs ; 34                          ;
;         4 data inputs ; 97                          ;
;         5 data inputs ; 13                          ;
;         6 data inputs ; 11                          ;
; boundary_port         ; 56                          ;
;                       ;                             ;
; Max LUT depth         ; 7.00                        ;
; Average LUT depth     ; 4.05                        ;
+-----------------------+-----------------------------+


+-------------------------------+
; Elapsed Time Per Partition    ;
+----------------+--------------+
; Partition Name ; Elapsed Time ;
+----------------+--------------+
; Top            ; 00:00:00     ;
+----------------+--------------+


+-------------------------------+
; Analysis & Synthesis Messages ;
+-------------------------------+
Info: *******************************************************************
Info: Running Quartus Prime Analysis & Synthesis
    Info: Version 20.1.1 Build 720 11/11/2020 SJ Lite Edition
    Info: Processing started: Tue Mar 09 12:35:18 2021
Info: Command: quartus_map --read_settings_files=on --write_settings_files=off Lab3 -c Lab3
Warning (18236): Number of processors has not been specified which may cause overloading on shared machines.  Set the global assignment NUM_PARALLEL_PROCESSORS in your QSF to an appropriate value for best performance.
Info (20030): Parallel compilation is enabled and will use 16 of the 16 processors detected
Info (12021): Found 2 design units, including 1 entities, in source file clock.vhd
    Info (12022): Found design unit 1: clock-a File: C:/Users/andre/School/Spring 2021/CPEN312/Labs/Lab3/clock.vhd Line: 12
    Info (12023): Found entity 1: clock File: C:/Users/andre/School/Spring 2021/CPEN312/Labs/Lab3/clock.vhd Line: 5
Info (12021): Found 1 design units, including 1 entities, in source file lab3.bdf
    Info (12023): Found entity 1: Lab3
Info (12021): Found 2 design units, including 1 entities, in source file decoder.vhd
    Info (12022): Found design unit 1: BCDto7Seg-a File: C:/Users/andre/School/Spring 2021/CPEN312/Labs/Lab3/decoder.vhd Line: 14
    Info (12023): Found entity 1: BCDto7Seg File: C:/Users/andre/School/Spring 2021/CPEN312/Labs/Lab3/decoder.vhd Line: 4
Warning (12019): Can't analyze file -- file 24to12.vhd is missing
Info (12127): Elaborating entity "Lab3" for the top level hierarchy
Warning (12125): Using design file converter.vhd, which is not specified as a design file for the current project, but contains definitions for 2 design units and 1 entities in project
    Info (12022): Found design unit 1: converter-a File: C:/Users/andre/School/Spring 2021/CPEN312/Labs/Lab3/converter.vhd Line: 15
    Info (12023): Found entity 1: converter File: C:/Users/andre/School/Spring 2021/CPEN312/Labs/Lab3/converter.vhd Line: 5
Info (12128): Elaborating entity "converter" for hierarchy "converter:inst8"
Info (12128): Elaborating entity "clock" for hierarchy "clock:inst"
Info (12128): Elaborating entity "BCDto7Seg" for hierarchy "BCDto7Seg:inst3"
Warning (13004): Presettable and clearable registers converted to equivalent circuits with latches. Registers power-up to an undefined state, and DEVCLRn places the registers in an undefined state.
    Warning (13310): Register "clock:inst|Hr[7]" is converted into an equivalent circuit using register "clock:inst|Hr[7]~_emulated" and latch "clock:inst|Hr[7]~1" File: C:/Users/andre/School/Spring 2021/CPEN312/Labs/Lab3/clock.vhd Line: 30
    Warning (13310): Register "clock:inst|Hr[6]" is converted into an equivalent circuit using register "clock:inst|Hr[6]~_emulated" and latch "clock:inst|Hr[6]~5" File: C:/Users/andre/School/Spring 2021/CPEN312/Labs/Lab3/clock.vhd Line: 30
    Warning (13310): Register "clock:inst|Hr[5]" is converted into an equivalent circuit using register "clock:inst|Hr[5]~_emulated" and latch "clock:inst|Hr[5]~9" File: C:/Users/andre/School/Spring 2021/CPEN312/Labs/Lab3/clock.vhd Line: 30
    Warning (13310): Register "clock:inst|Hr[4]" is converted into an equivalent circuit using register "clock:inst|Hr[4]~_emulated" and latch "clock:inst|Hr[4]~13" File: C:/Users/andre/School/Spring 2021/CPEN312/Labs/Lab3/clock.vhd Line: 30
    Warning (13310): Register "clock:inst|Hr[3]" is converted into an equivalent circuit using register "clock:inst|Hr[3]~_emulated" and latch "clock:inst|Hr[3]~17" File: C:/Users/andre/School/Spring 2021/CPEN312/Labs/Lab3/clock.vhd Line: 30
    Warning (13310): Register "clock:inst|Hr[2]" is converted into an equivalent circuit using register "clock:inst|Hr[2]~_emulated" and latch "clock:inst|Hr[2]~21" File: C:/Users/andre/School/Spring 2021/CPEN312/Labs/Lab3/clock.vhd Line: 30
    Warning (13310): Register "clock:inst|Hr[0]" is converted into an equivalent circuit using register "clock:inst|Hr[0]~_emulated" and latch "clock:inst|Hr[0]~25" File: C:/Users/andre/School/Spring 2021/CPEN312/Labs/Lab3/clock.vhd Line: 30
    Warning (13310): Register "clock:inst|Hr[1]" is converted into an equivalent circuit using register "clock:inst|Hr[1]~_emulated" and latch "clock:inst|Hr[1]~29" File: C:/Users/andre/School/Spring 2021/CPEN312/Labs/Lab3/clock.vhd Line: 30
    Warning (13310): Register "clock:inst|Sec[0]" is converted into an equivalent circuit using register "clock:inst|Sec[0]~_emulated" and latch "clock:inst|Sec[0]~1" File: C:/Users/andre/School/Spring 2021/CPEN312/Labs/Lab3/clock.vhd Line: 30
    Warning (13310): Register "clock:inst|Sec[1]" is converted into an equivalent circuit using register "clock:inst|Sec[1]~_emulated" and latch "clock:inst|Sec[1]~5" File: C:/Users/andre/School/Spring 2021/CPEN312/Labs/Lab3/clock.vhd Line: 30
    Warning (13310): Register "clock:inst|Sec[2]" is converted into an equivalent circuit using register "clock:inst|Sec[2]~_emulated" and latch "clock:inst|Sec[2]~9" File: C:/Users/andre/School/Spring 2021/CPEN312/Labs/Lab3/clock.vhd Line: 30
    Warning (13310): Register "clock:inst|Sec[3]" is converted into an equivalent circuit using register "clock:inst|Sec[3]~_emulated" and latch "clock:inst|Sec[3]~13" File: C:/Users/andre/School/Spring 2021/CPEN312/Labs/Lab3/clock.vhd Line: 30
    Warning (13310): Register "clock:inst|Sec[4]" is converted into an equivalent circuit using register "clock:inst|Sec[4]~_emulated" and latch "clock:inst|Sec[4]~17" File: C:/Users/andre/School/Spring 2021/CPEN312/Labs/Lab3/clock.vhd Line: 30
    Warning (13310): Register "clock:inst|Sec[5]" is converted into an equivalent circuit using register "clock:inst|Sec[5]~_emulated" and latch "clock:inst|Sec[5]~21" File: C:/Users/andre/School/Spring 2021/CPEN312/Labs/Lab3/clock.vhd Line: 30
    Warning (13310): Register "clock:inst|Sec[6]" is converted into an equivalent circuit using register "clock:inst|Sec[6]~_emulated" and latch "clock:inst|Sec[6]~25" File: C:/Users/andre/School/Spring 2021/CPEN312/Labs/Lab3/clock.vhd Line: 30
    Warning (13310): Register "clock:inst|Sec[7]" is converted into an equivalent circuit using register "clock:inst|Sec[7]~_emulated" and latch "clock:inst|Sec[7]~29" File: C:/Users/andre/School/Spring 2021/CPEN312/Labs/Lab3/clock.vhd Line: 30
    Warning (13310): Register "clock:inst|Min[0]" is converted into an equivalent circuit using register "clock:inst|Min[0]~_emulated" and latch "clock:inst|Min[0]~1" File: C:/Users/andre/School/Spring 2021/CPEN312/Labs/Lab3/clock.vhd Line: 30
    Warning (13310): Register "clock:inst|Min[1]" is converted into an equivalent circuit using register "clock:inst|Min[1]~_emulated" and latch "clock:inst|Min[1]~5" File: C:/Users/andre/School/Spring 2021/CPEN312/Labs/Lab3/clock.vhd Line: 30
    Warning (13310): Register "clock:inst|Min[2]" is converted into an equivalent circuit using register "clock:inst|Min[2]~_emulated" and latch "clock:inst|Min[2]~9" File: C:/Users/andre/School/Spring 2021/CPEN312/Labs/Lab3/clock.vhd Line: 30
    Warning (13310): Register "clock:inst|Min[3]" is converted into an equivalent circuit using register "clock:inst|Min[3]~_emulated" and latch "clock:inst|Min[3]~13" File: C:/Users/andre/School/Spring 2021/CPEN312/Labs/Lab3/clock.vhd Line: 30
    Warning (13310): Register "clock:inst|Min[4]" is converted into an equivalent circuit using register "clock:inst|Min[4]~_emulated" and latch "clock:inst|Min[4]~17" File: C:/Users/andre/School/Spring 2021/CPEN312/Labs/Lab3/clock.vhd Line: 30
    Warning (13310): Register "clock:inst|Min[5]" is converted into an equivalent circuit using register "clock:inst|Min[5]~_emulated" and latch "clock:inst|Min[5]~21" File: C:/Users/andre/School/Spring 2021/CPEN312/Labs/Lab3/clock.vhd Line: 30
    Warning (13310): Register "clock:inst|Min[6]" is converted into an equivalent circuit using register "clock:inst|Min[6]~_emulated" and latch "clock:inst|Min[6]~25" File: C:/Users/andre/School/Spring 2021/CPEN312/Labs/Lab3/clock.vhd Line: 30
    Warning (13310): Register "clock:inst|Min[7]" is converted into an equivalent circuit using register "clock:inst|Min[7]~_emulated" and latch "clock:inst|Min[7]~29" File: C:/Users/andre/School/Spring 2021/CPEN312/Labs/Lab3/clock.vhd Line: 30
Info (286030): Timing-Driven Synthesis is running
Info (16010): Generating hard_block partition "hard_block:auto_generated_inst"
    Info (16011): Adding 0 node(s), including 0 DDIO, 0 PLL, 0 transceiver and 0 LCELL
Info (21057): Implemented 261 device resources after synthesis - the final resource count might be different
    Info (21058): Implemented 13 input pins
    Info (21059): Implemented 43 output pins
    Info (21061): Implemented 205 logic cells
Info: Quartus Prime Analysis & Synthesis was successful. 0 errors, 28 warnings
    Info: Peak virtual memory: 4916 megabytes
    Info: Processing ended: Tue Mar 09 12:35:28 2021
    Info: Elapsed time: 00:00:10
    Info: Total CPU time (on all processors): 00:00:24


